SF:lib\src\sala\domain\sala.dart
DA:10,1
DA:17,1
DA:18,1
DA:19,1
DA:20,1
DA:21,1
DA:22,1
DA:26,1
DA:27,1
DA:28,1
DA:29,1
DA:30,2
DA:31,1
DA:35,3
DA:37,3
DA:39,1
DA:41,5
DA:44,1
DA:48,10
DA:51,1
DA:53,8
LF:21
LH:21
end_of_record
SF:lib\src\usuario\domain\usecases\login_use_case.dart
DA:15,1
DA:18,1
DA:19,1
DA:20,5
LF:4
LH:4
end_of_record
SF:lib\src\usuario\domain\usuario.dart
DA:12,4
DA:20,1
DA:21,1
DA:22,1
DA:23,1
DA:24,1
DA:25,1
DA:26,1
DA:30,1
DA:31,1
DA:32,1
DA:33,1
DA:34,1
DA:35,1
DA:36,1
DA:40,3
DA:42,3
DA:44,1
DA:46,6
DA:49,1
DA:53,4
DA:56,1
DA:58,14
DA:65,6
LF:24
LH:24
end_of_record
SF:lib\src\usuario\infra\usuario_repository_mock.dart
DA:19,1
DA:20,1
DA:24,2
DA:25,12
DA:29,1
DA:30,7
DA:34,2
DA:35,16
DA:39,1
DA:40,3
DA:41,1
DA:42,2
DA:49,1
DA:50,1
DA:53,3
DA:54,1
DA:57,6
DA:58,2
LF:18
LH:18
end_of_record
SF:lib\src\usuario\domain\usecases\logout_use_case.dart
DA:15,1
DA:18,1
DA:19,1
DA:20,4
LF:4
LH:4
end_of_record
SF:lib\src\votacao\domain\votacao.dart
DA:7,1
DA:13,1
DA:14,1
DA:15,1
DA:16,1
DA:17,1
DA:21,1
DA:22,1
DA:23,1
DA:24,1
DA:25,1
DA:29,3
DA:31,3
DA:33,1
DA:34,4
DA:36,1
DA:40,10
DA:43,1
DA:44,8
LF:19
LH:19
end_of_record
