SF:lib\src\usuario\domain\usecases\login_use_case.dart
DA:15,1
DA:18,1
DA:19,1
DA:20,5
LF:4
LH:4
end_of_record
SF:lib\src\usuario\domain\usuario.dart
DA:12,4
DA:20,1
DA:21,1
DA:22,1
DA:23,1
DA:24,1
DA:25,1
DA:26,1
DA:30,1
DA:31,1
DA:32,1
DA:33,1
DA:34,1
DA:35,1
DA:36,1
DA:40,3
DA:42,3
DA:44,1
DA:46,6
DA:49,1
DA:53,4
DA:56,1
DA:58,14
DA:65,4
LF:24
LH:24
end_of_record
SF:lib\src\usuario\infra\usuario_repository_mock.dart
DA:19,1
DA:20,1
DA:24,2
DA:25,12
DA:29,1
DA:30,5
DA:34,2
DA:35,16
DA:39,0
DA:40,0
DA:41,0
DA:42,0
DA:49,0
DA:50,0
DA:53,0
DA:54,0
DA:57,0
DA:58,0
LF:18
LH:8
end_of_record
SF:lib\src\usuario\domain\usecases\logout_use_case.dart
DA:15,1
DA:18,1
DA:19,1
DA:20,4
LF:4
LH:4
end_of_record
